\BOOKMARK [1][-]{section*.1}{\376\377\000T\000O\000P\000S\000\040\000S\000A\000R\000\040\000D\000e\000r\000i\000v\000a\000t\000i\000o\000n\000s}{}% 1
\BOOKMARK [2][-]{section*.2}{\376\377\000F\000l\000o\000w\000c\000h\000a\000r\000t}{section*.1}% 2
\BOOKMARK [2][-]{section*.3}{\376\377\000H\000i\000e\000r\000a\000r\000c\000h\000y}{section*.1}% 3
\BOOKMARK [2][-]{section*.4}{\376\377\000P\000r\000o\000b\000l\000e\000m\000\040\000D\000e\000f\000i\000n\000i\000t\000i\000o\000n}{section*.1}% 4
\BOOKMARK [2][-]{section*.5}{\376\377\000S\000u\000m\000m\000a\000r\000y}{section*.1}% 5
\BOOKMARK [2][-]{section*.6}{\376\377\000S\000i\000g\000n\000a\000l\000\040\000D\000e\000f\000i\000n\000i\000t\000i\000o\000n\000s}{section*.1}% 6
\BOOKMARK [2][-]{section*.7}{\376\377\000S\000y\000m\000b\000o\000l\000s\000\040\000A\000n\000d\000\040\000A\000s\000s\000u\000m\000p\000t\000i\000o\000n\000s}{section*.1}% 7
\BOOKMARK [2][-]{section*.8}{\376\377\0001\000.\000\040\000R\000a\000w\000\040\000D\000a\000t\000a}{section*.1}% 8
\BOOKMARK [2][-]{section*.9}{\376\377\0002\000.\000\040\000R\000a\000n\000g\000e\000\040\000C\000o\000m\000p\000r\000e\000s\000s\000i\000o\000n}{section*.1}% 9
\BOOKMARK [2][-]{section*.10}{\376\377\0003\000.\000\040\000A\000z\000i\000m\000u\000t\000h\000\040\000F\000r\000e\000q\000u\000e\000n\000c\000y\000\040\000U\000n\000f\000o\000l\000d\000i\000n\000g\000\040\000A\000n\000d\000\040\000R\000e\000s\000a\000m\000p\000l\000i\000n\000g\000\040\000\050\000U\000F\000R\000\051}{section*.1}% 10
\BOOKMARK [3][-]{section*.11}{\376\377\0003\000.\0001\000.\000\040\000A\000z\000i\000m\000u\000t\000h\000\040\000F\000r\000e\000q\000u\000e\000n\000c\000y\000\040\000F\000o\000l\000d\000i\000n\000g\000\040\000\050\000E\000x\000p\000l\000a\000i\000n\000\051}{section*.10}% 11
\BOOKMARK [3][-]{section*.14}{\376\377\0003\000.\0002\000.\000\040\000M\000o\000s\000a\000i\000c\000k\000i\000n\000g}{section*.10}% 12
\BOOKMARK [3][-]{section*.18}{\376\377\0003\000.\0003\000.\000\040\000D\000e\000r\000a\000m\000p\000i\000n\000g}{section*.10}% 13
\BOOKMARK [3][-]{section*.23}{\376\377\0003\000.\0004\000.\000\040\000L\000o\000w\000\040\000P\000a\000s\000s\000\040\000F\000i\000l\000t\000e\000r}{section*.10}% 14
\BOOKMARK [3][-]{section*.28}{\376\377\0003\000.\0005\000.\000\040\000R\000e\000r\000a\000m\000p\000i\000n\000g}{section*.10}% 15
\BOOKMARK [2][-]{section*.34}{\376\377\0004\000.\000\040\000A\000z\000i\000m\000u\000t\000h\000\040\000C\000o\000m\000p\000r\000e\000s\000s\000i\000o\000n}{section*.1}% 16
\BOOKMARK [2][-]{section*.35}{\376\377\0005\000.\000\040\000A\000z\000i\000m\000u\000t\000h\000\040\000T\000i\000m\000e\000\040\000U\000n\000f\000o\000l\000d\000i\000n\000g\000\040\000A\000n\000d\000\040\000R\000e\000s\000a\000m\000p\000l\000i\000n\000g\000\040\000\050\000U\000F\000R\000\051}{section*.1}% 17
\BOOKMARK [3][-]{section*.36}{\376\377\0005\000.\0001\000.\000\040\000A\000z\000i\000m\000u\000t\000h\000\040\000T\000i\000m\000e\000\040\000F\000o\000l\000d\000i\000n\000g\000\040\000\050\000E\000x\000p\000l\000a\000i\000n\000\051}{section*.35}% 18
\BOOKMARK [3][-]{section*.38}{\376\377\0005\000.\0002\000.\000\040\000M\000o\000s\000a\000i\000c\000k\000i\000n\000g}{section*.35}% 19
\BOOKMARK [3][-]{section*.42}{\376\377\0005\000.\0003\000.\000\040\000D\000e\000r\000a\000m\000p\000i\000n\000g}{section*.35}% 20
\BOOKMARK [3][-]{section*.48}{\376\377\0005\000.\0004\000.\000\040\000L\000o\000w\000\040\000P\000a\000s\000s\000\040\000F\000i\000l\000t\000e\000r}{section*.35}% 21
\BOOKMARK [3][-]{section*.54}{\376\377\0005\000.\0005\000.\000\040\000R\000e\000r\000a\000m\000p\000i\000n\000g}{section*.35}% 22
\BOOKMARK [2][-]{section*.61}{\376\377\0006\000.\000\040\000F\000o\000c\000u\000s\000e\000d\000\040\000I\000m\000a\000g\000e}{section*.1}% 23
\BOOKMARK [2][-]{section*.63}{\376\377\000P\000h\000y\000s\000i\000c\000a\000l\000\040\000M\000e\000a\000n\000i\000n\000g}{section*.1}% 24
\BOOKMARK [2][-]{section*.64}{\376\377\000F\000i\000n\000a\000l\000\040\000R\000e\000s\000u\000l\000t}{section*.1}% 25
